<?xml version="1.0" encoding="UTF-8"?>
<testsuites>
  <testsuite name="unit" tests="10" assertions="13" failures="0" errors="0" time="2.722585">
    <testsuite name="BotTest" file="/home/gorcer/www/test_b/protected/tests/unit/BotTest.php" tests="2" assertions="5" failures="0" errors="0" time="0.374573">
      <testcase name="testVirtualBuy" class="BotTest" file="/home/gorcer/www/test_b/protected/tests/unit/BotTest.php" line="13" assertions="1" time="0.020614"/>
      <testcase name="testGetGraphImage" class="BotTest" file="/home/gorcer/www/test_b/protected/tests/unit/BotTest.php" line="21" assertions="4" time="0.353959"/>
    </testsuite>
    <testsuite name="ExchangeTest" file="/home/gorcer/www/test_b/protected/tests/unit/ExchangeTest.php" tests="8" assertions="8" failures="0" errors="0" time="2.348012">
      <testcase name="testGetDataFrom" class="ExchangeTest" file="/home/gorcer/www/test_b/protected/tests/unit/ExchangeTest.php" line="12" assertions="1" time="0.562925"/>
      <testcase name="testGetLast" class="ExchangeTest" file="/home/gorcer/www/test_b/protected/tests/unit/ExchangeTest.php" line="22" assertions="1" time="0.033965"/>
      <testcase name="testGetAll" class="ExchangeTest" file="/home/gorcer/www/test_b/protected/tests/unit/ExchangeTest.php" line="31" assertions="1" time="0.031919"/>
      <testcase name="testGetAvg" class="ExchangeTest" file="/home/gorcer/www/test_b/protected/tests/unit/ExchangeTest.php" line="41" assertions="1" time="0.029191"/>
      <testcase name="testGetAvgByNear" class="ExchangeTest" file="/home/gorcer/www/test_b/protected/tests/unit/ExchangeTest.php" line="56" assertions="1" time="0.032877"/>
      <testcase name="testUpdatePrices" class="ExchangeTest" file="/home/gorcer/www/test_b/protected/tests/unit/ExchangeTest.php" line="69" assertions="1" time="1.334412"/>
      <testcase name="testGetPit" class="ExchangeTest" file="/home/gorcer/www/test_b/protected/tests/unit/ExchangeTest.php" line="78" assertions="1" time="0.047384"/>
      <testcase name="testGetHill" class="ExchangeTest" file="/home/gorcer/www/test_b/protected/tests/unit/ExchangeTest.php" line="90" assertions="1" time="0.275339"/>
    </testsuite>
  </testsuite>
</testsuites>
